<?xml version="1.0" encoding="UTF-8"?>
<!-- Generated by org.testng.reporters.JUnitXMLReporter -->
<testsuite ignored="6" hostname="DESKTOP-IF4HBMG" failures="0" tests="7" name="CoinBase automation" time="28.7" errors="0" timestamp="2022-02-03T20:59:29 GST">
  <testcase classname="org.example.testcases.SignUp" name="validSingUp" time="3.085"/>
  <testcase classname="org.example.testcases.SignUp" name="singUpWithUsedUsername" time="1.971"/>
  <testcase classname="org.example.testcases.SignUp" name="singUpWithEmptyFields" time="1.485"/>
  <testcase classname="org.example.testcases.Login" name="validLogin" time="5.597"/>
  <testcase classname="org.example.testcases.PDP" name="samsungGalaxyS6PDP" time="3.746"/>
  <testcase classname="org.example.testcases.Cart" name="cartTotalPrice" time="2.225"/>
  <testcase classname="org.example.testcases.Cart" name="cartPlaceOrder" time="5.382"/>
  <testcase classname="org.example.testcases.BaseTestClass" name="@BeforeSuite setUpTest" time="0.0">
    <ignored/>
  </testcase> <!-- @BeforeSuite setUpTest -->
  <testcase classname="org.example.testcases.BaseTestClass" name="@BeforeSuite setUpTest" time="0.0">
    <ignored/>
  </testcase> <!-- @BeforeSuite setUpTest -->
  <testcase classname="org.example.testcases.BaseTestClass" name="@BeforeSuite setUpTest" time="0.0">
    <ignored/>
  </testcase> <!-- @BeforeSuite setUpTest -->
  <testcase classname="org.example.testcases.BaseTestClass" name="@AfterSuite tearDownTest" time="0.0">
    <ignored/>
  </testcase> <!-- @AfterSuite tearDownTest -->
  <testcase classname="org.example.testcases.BaseTestClass" name="@AfterSuite tearDownTest" time="0.0">
    <ignored/>
  </testcase> <!-- @AfterSuite tearDownTest -->
  <testcase classname="org.example.testcases.BaseTestClass" name="@AfterSuite tearDownTest" time="0.0">
    <ignored/>
  </testcase> <!-- @AfterSuite tearDownTest -->
</testsuite> <!-- CoinBase automation -->
